WinningWP.com 1280x1021 1.253673
Gizmodo.com 1280x1024 1.250000
SocialMediaExaminer.com 1280x1024 1.250000
SayYes.com 1280x1024 1.250000
TheSimpleDollar.com 1280x1592 0.804020
senato.it 1280x1837 0.696788
EnchantingMarketing.com 1280x2176 0.588235
polito.it 1280x2544 0.503145
MenwithPens.ca 1280x2677 0.478147
ProBlogger.com 1280x2874 0.445372
WPBeginner.com 1280x3355 0.381520
Backlinko.com 1280x3510 0.364672
NerdFitness.com 1280x3531 0.362504
BloggingWizard.com 1280x3618 0.353787
Copyblogger.com 1280x3765 0.339973
GetRichSlowly.org 1280x3833 0.333942
Unbounce.com 1280x4004 0.319680
ContentMarketingInstitute.com 1280x4007 0.319441
FitMenCook.com 1280x4302 0.297536
WPTavern.com 1280x4339 0.294999
CodeinWP.com 1280x4525 0.282873
NeilPatel.com 1280x4564 0.280456
LoveSweatFitness.com 1280x4843 0.264299
MatthewWoodward.co.uk 1280x5156 0.248254
SocialMediaExplorer.com 1280x5178 0.247200
SproutSocial.com 1280x5565 0.230009
Buffer.com 1280x5618 0.227839
SmartBlogger.com 1280x5805 0.220500
LiveStrong.com 1280x6048 0.211640
Ahrefs.com 1280x6121 0.209116
AdamEnfroy.com 1280x6304 0.203046
GoinsWriter.com 1280x6654 0.192365
CoSchedule.com 1280x6854 0.186752
link-assistant.com 1280x6921 0.184944
TechCrunch.com 1280x7348 0.174197
CupofJo.com 1280x7377 0.173512
CamilleStyles.com 1280x7606 0.168288
Labnol.org 1280x7725 0.165696
WPKube.com 1280x7773 0.164673
RunToTheFinish.com 1280x7816 0.163767
FinancialSamurai.com 1280x7868 0.162684
ryrob.com 1280x8127 0.157500
HowtoGeek.com 1280x8746 0.146353
JagoInvestor.com 1280x9073 0.141078
SearchEngineJournal.com 1280x9820 0.130346
ApetoGentleman.com 1280x10013 0.127834
SmartPassiveIncome.com 1280x10520 0.121673
github.com 1280x11911 0.107464
YogaJournal.com 1280x12039 0.106321
YogaJournal.com 1280x12064 0.106101
HackerNoon.com 1280x16687 0.076706
MoneySavingMom.com 1280x23511 0.054443
repubblica.it 1280x28615 0.044732
WPBeginner.com 1280x3355 0.381520
WPBeginner.com 1280x3355 0.381520
WPBeginner.com 1280x3355 0.381520
WPBeginner.com 1280x3355 0.381520
WPBeginner.com 1280x3355 0.381520
WPBeginner.com 1280x3355 0.381520
WPBeginner.com 1280x3355 0.381520
WPBeginner.com 1280x3355 0.381520
WPBeginner.com 1280x3355 0.381520
WPBeginner.com 1280x3355 0.381520
WPBeginner.com 1280x3355 0.381520
WPBeginner.com 1280x3355 0.381520
WPBeginner.com 1280x3355 0.381520
WPBeginner.com 1280x3355 0.381520
WPBeginner.com 1280x3355 0.381520
WPBeginner.com 1280x3355 0.381520
WPBeginner.com 1280x3355 0.381520
WPBeginner.com 1280x3355 0.381520
WPBeginner.com 1280x3355 0.381520
WPBeginner.com 1280x3355 0.381520
WPBeginner.com 1280x3355 0.381520
WPBeginner.com 1280x3355 0.381520
WPBeginner.com 1280x3355 0.381520
WPBeginner.com 1280x3355 0.381520
WPBeginner.com 1280x3355 0.381520
WPBeginner.com 1280x3355 0.381520
WPBeginner.com 1280x3355 0.381520
WPBeginner.com 1280x3355 0.381520
WPBeginner.com 1280x3355 0.381520
WPBeginner.com 1280x3355 0.381520
WPBeginner.com 1280x3355 0.381520
WPBeginner.com 1280x3355 0.381520
WPBeginner.com 1280x3355 0.381520
WPBeginner.com 1280x3355 0.381520
WPBeginner.com 1280x3355 0.381520
WPBeginner.com 1280x3355 0.381520
WPBeginner.com 1280x3355 0.381520
WPBeginner.com 1280x3355 0.381520
WPBeginner.com 1280x3355 0.381520
WPBeginner.com 1280x3355 0.381520
WPBeginner.com 1280x3355 0.381520
WPBeginner.com 1280x3355 0.381520
WPBeginner.com 1280x3355 0.381520
WPBeginner.com 1280x3355 0.381520
WPBeginner.com 1280x3355 0.381520
WPBeginner.com 1280x3355 0.381520
WPBeginner.com 1280x3355 0.381520
WPBeginner.com 1280x3355 0.381520
WPBeginner.com 1280x3355 0.381520
WPBeginner.com 1280x3355 0.381520
WPBeginner.com 1280x3355 0.381520
WPBeginner.com 1280x3355 0.381520
WPBeginner.com 1280x3355 0.381520
WPBeginner.com 1280x3355 0.381520
WPBeginner.com 1280x3355 0.381520
WPBeginner.com 1280x3355 0.381520
WPBeginner.com 1280x3355 0.381520
WPBeginner.com 1280x3355 0.381520
WPBeginner.com 1280x3355 0.381520
WPBeginner.com 1280x3355 0.381520
WPBeginner.com 1280x3355 0.381520
WPBeginner.com 1280x3355 0.381520
WPBeginner.com 1280x3355 0.381520
WPBeginner.com 1280x3355 0.381520
WPBeginner.com 1280x3355 0.381520
WPBeginner.com 1280x3355 0.381520
WPBeginner.com 1280x3355 0.381520
WPBeginner.com 1280x3355 0.381520
WPBeginner.com 1280x3355 0.381520
WPBeginner.com 1280x3355 0.381520
WPBeginner.com 1280x3355 0.381520
WPBeginner.com 1280x3355 0.381520
WPBeginner.com 1280x3355 0.381520
WPBeginner.com 1280x3355 0.381520
WPBeginner.com 1280x3355 0.381520
WPBeginner.com 1280x3355 0.381520
WPBeginner.com 1280x3355 0.381520
WPBeginner.com 1280x3355 0.381520
WPBeginner.com 1280x3355 0.381520
WPBeginner.com 1280x3355 0.381520
WPBeginner.com 1280x3355 0.381520
WPBeginner.com 1280x3355 0.381520
WPBeginner.com 1280x3355 0.381520
WPBeginner.com 1280x3355 0.381520
WPBeginner.com 1280x3355 0.381520
WPBeginner.com 1280x3355 0.381520
WPBeginner.com 1280x3355 0.381520
WPBeginner.com 1280x3355 0.381520
WPBeginner.com 1280x3355 0.381520
WPBeginner.com 1280x3355 0.381520
WPBeginner.com 1280x3355 0.381520
WPBeginner.com 1280x3355 0.381520
WPBeginner.com 1280x3355 0.381520
WPBeginner.com 1280x3355 0.381520
WPBeginner.com 1280x3355 0.381520
WPBeginner.com 1280x3355 0.381520
WPBeginner.com 1280x3355 0.381520
WPBeginner.com 1280x3355 0.381520
WPBeginner.com 1280x3355 0.381520
WPBeginner.com 1280x3355 0.381520
WPBeginner.com 1280x3355 0.381520
WPBeginner.com 1280x3355 0.381520
WPBeginner.com 1280x3355 0.381520
WPBeginner.com 1280x3355 0.381520
WPBeginner.com 1280x3355 0.381520
WPBeginner.com 1280x3355 0.381520
WPBeginner.com 1280x3355 0.381520
WPBeginner.com 1280x3355 0.381520
WPBeginner.com 1280x3355 0.381520
WPBeginner.com 1280x3355 0.381520
WPBeginner.com 1280x3355 0.381520
WPBeginner.com 1280x3355 0.381520
WPBeginner.com 1280x3355 0.381520
WPBeginner.com 1280x3355 0.381520
WPBeginner.com 1280x3355 0.381520
WPBeginner.com 1280x3355 0.381520
WPBeginner.com 1280x3355 0.381520
WPBeginner.com 1280x3355 0.381520
WPBeginner.com 1280x3355 0.381520
WPBeginner.com 1280x3355 0.381520
WPBeginner.com 1280x3355 0.381520
WPBeginner.com 1280x3355 0.381520
WPBeginner.com 1280x3355 0.381520
WPBeginner.com 1280x3355 0.381520
WPBeginner.com 1280x3355 0.381520
WPBeginner.com 1280x3355 0.381520
WPBeginner.com 1280x3355 0.381520
WPBeginner.com 1280x3355 0.381520
WPBeginner.com 1280x3355 0.381520
WPBeginner.com 1280x3355 0.381520
WPBeginner.com 1280x3355 0.381520
WPBeginner.com 1280x3355 0.381520
WPBeginner.com 1280x3355 0.381520
WPBeginner.com 1280x3355 0.381520
WPBeginner.com 1280x3355 0.381520
WPBeginner.com 1280x3355 0.381520
WPBeginner.com 1280x3355 0.381520
WPBeginner.com 1280x3355 0.381520
WPBeginner.com 1280x3355 0.381520
WPBeginner.com 1280x3355 0.381520
WPBeginner.com 1280x3355 0.381520
WPBeginner.com 1280x3355 0.381520
WPBeginner.com 1280x3355 0.381520
WPBeginner.com 1280x3355 0.381520
WPBeginner.com 1280x3355 0.381520
WPBeginner.com 1280x3355 0.381520
WPBeginner.com 1280x3355 0.381520
WPBeginner.com 1280x3355 0.381520
WPBeginner.com 1280x3355 0.381520
WPBeginner.com 1280x3355 0.381520
WPBeginner.com 1280x3355 0.381520
WPBeginner.com 1280x3355 0.381520
WPBeginner.com 1280x3355 0.381520
WPBeginner.com 1280x3355 0.381520
WPBeginner.com 1280x3355 0.381520
WPBeginner.com 1280x3355 0.381520
WPBeginner.com 1280x3355 0.381520
WPBeginner.com 1280x3355 0.381520
WPBeginner.com 1280x3355 0.381520
WPBeginner.com 1280x3355 0.381520
WPBeginner.com 1280x3355 0.381520
WPBeginner.com 1280x3355 0.381520
WPBeginner.com 1280x3355 0.381520
WPBeginner.com 1280x3355 0.381520
WPBeginner.com 1280x3355 0.381520
WPBeginner.com 1280x3355 0.381520
WPBeginner.com 1280x3355 0.381520
WPBeginner.com 1280x3355 0.381520
WPBeginner.com 1280x3355 0.381520
WPBeginner.com 1280x3355 0.381520
WPBeginner.com 1280x3355 0.381520
WPBeginner.com 1280x3355 0.381520
WPBeginner.com 1280x3355 0.381520
WPBeginner.com 1280x3355 0.381520
WPBeginner.com 1280x3355 0.381520
WPBeginner.com 1280x3355 0.381520
WPBeginner.com 1280x3355 0.381520
WPBeginner.com 1280x3355 0.381520
WPBeginner.com 1280x3355 0.381520
WPBeginner.com 1280x3355 0.381520
WPBeginner.com 1280x3355 0.381520
WPBeginner.com 1280x3355 0.381520
WPBeginner.com 1280x3355 0.381520
WPBeginner.com 1280x3355 0.381520
WPBeginner.com 1280x3355 0.381520
WPBeginner.com 1280x3355 0.381520
WPBeginner.com 1280x3355 0.381520
WPBeginner.com 1280x3355 0.381520
WPBeginner.com 1280x3355 0.381520
WPBeginner.com 1280x3355 0.381520
WPBeginner.com 1280x3355 0.381520
WPBeginner.com 1280x3355 0.381520
WPBeginner.com 1280x3355 0.381520
WPBeginner.com 1280x3355 0.381520
WPBeginner.com 1280x3355 0.381520
WPBeginner.com 1280x3355 0.381520
WPBeginner.com 1280x3355 0.381520
WPBeginner.com 1280x3355 0.381520
WPBeginner.com 1280x3355 0.381520
WPBeginner.com 1280x3355 0.381520
WPBeginner.com 1280x3355 0.381520
WPBeginner.com 1280x3355 0.381520
WPBeginner.com 1280x3355 0.381520
WPBeginner.com 1280x3355 0.381520
WPBeginner.com 1280x3355 0.381520
WPBeginner.com 1280x3355 0.381520
WPBeginner.com 1280x3355 0.381520
WPBeginner.com 1280x3355 0.381520
WPBeginner.com 1280x3355 0.381520
WPBeginner.com 1280x3355 0.381520
WPBeginner.com 1280x3355 0.381520
WPBeginner.com 1280x3355 0.381520
WPBeginner.com 1280x3355 0.381520
WPBeginner.com 1280x3355 0.381520
WPBeginner.com 1280x3355 0.381520
WPBeginner.com 1280x3355 0.381520
WPBeginner.com 1280x3355 0.381520
WPBeginner.com 1280x3355 0.381520
WPBeginner.com 1280x3355 0.381520
WPBeginner.com 1280x3355 0.381520
WPBeginner.com 1280x3355 0.381520
WPBeginner.com 1280x3355 0.381520
WPBeginner.com 1280x3355 0.381520
WPBeginner.com 1280x3355 0.381520
WPBeginner.com 1280x3355 0.381520
WPBeginner.com 1280x3355 0.381520
WPBeginner.com 1280x3355 0.381520
WPBeginner.com 1280x3355 0.381520
WPBeginner.com 1280x3355 0.381520
WPBeginner.com 1280x3355 0.381520
WPBeginner.com 1280x3355 0.381520
WPBeginner.com 1280x3355 0.381520
WPBeginner.com 1280x3355 0.381520
WPBeginner.com 1280x3355 0.381520
WPBeginner.com 1280x3355 0.381520
WPBeginner.com 1280x3355 0.381520
WPBeginner.com 1280x3355 0.381520
WPBeginner.com 1280x3355 0.381520
WPBeginner.com 1280x3355 0.381520
WPBeginner.com 1280x3355 0.381520
WPBeginner.com 1280x3355 0.381520
WPBeginner.com 1280x3355 0.381520
WPBeginner.com 1280x3355 0.381520
WPBeginner.com 1280x3355 0.381520
WPBeginner.com 1280x3355 0.381520
WPBeginner.com 1280x3355 0.381520
WPBeginner.com 1280x3355 0.381520
WPBeginner.com 1280x3355 0.381520
WPBeginner.com 1280x3355 0.381520
WPBeginner.com 1280x3355 0.381520
WPBeginner.com 1280x3355 0.381520
WPBeginner.com 1280x3355 0.381520
WPBeginner.com 1280x3355 0.381520
WPBeginner.com 1280x3355 0.381520
WPBeginner.com 1280x3355 0.381520
WPBeginner.com 1280x3355 0.381520
WPBeginner.com 1280x3355 0.381520
WPBeginner.com 1280x3355 0.381520
WPBeginner.com 1280x3355 0.381520
WPBeginner.com 1280x3355 0.381520
WPBeginner.com 1280x3355 0.381520
WPBeginner.com 1280x3355 0.381520
WPBeginner.com 1280x3355 0.381520
WPBeginner.com 1280x3355 0.381520
WPBeginner.com 1280x3355 0.381520
WPBeginner.com 1280x3355 0.381520
WPBeginner.com 1280x3355 0.381520
WPBeginner.com 1280x3355 0.381520
WPBeginner.com 1280x3355 0.381520
WPBeginner.com 1280x3355 0.381520
WPBeginner.com 1280x3355 0.381520
WPBeginner.com 1280x3355 0.381520
WPBeginner.com 1280x3355 0.381520
WPBeginner.com 1280x3355 0.381520
WPBeginner.com 1280x3355 0.381520
WPBeginner.com 1280x3355 0.381520
WPBeginner.com 1280x3355 0.381520
WPBeginner.com 1280x3355 0.381520
WPBeginner.com 1280x3355 0.381520
WPBeginner.com 1280x3355 0.381520
WPBeginner.com 1280x3355 0.381520
WPBeginner.com 1280x3355 0.381520
WPBeginner.com 1280x3355 0.381520
WPBeginner.com 1280x3355 0.381520
WPBeginner.com 1280x3355 0.381520
WPBeginner.com 1280x3355 0.381520
WPBeginner.com 1280x3355 0.381520
WPBeginner.com 1280x3355 0.381520
WPBeginner.com 1280x3355 0.381520
WPBeginner.com 1280x3355 0.381520
WPBeginner.com 1280x3355 0.381520
WPBeginner.com 1280x3355 0.381520
WPBeginner.com 1280x3355 0.381520
WPBeginner.com 1280x3355 0.381520
WPBeginner.com 1280x3355 0.381520
WPBeginner.com 1280x3355 0.381520
WPBeginner.com 1280x3355 0.381520
WPBeginner.com 1280x3355 0.381520
WPBeginner.com 1280x3355 0.381520
WPBeginner.com 1280x3355 0.381520
WPBeginner.com 1280x3355 0.381520
WPBeginner.com 1280x3355 0.381520
WPBeginner.com 1280x3355 0.381520
WPBeginner.com 1280x3355 0.381520
WPBeginner.com 1280x3355 0.381520
WPBeginner.com 1280x3355 0.381520
WPBeginner.com 1280x3355 0.381520
WPBeginner.com 1280x3355 0.381520
WPBeginner.com 1280x3355 0.381520
WPBeginner.com 1280x3355 0.381520
WPBeginner.com 1280x3355 0.381520
WPBeginner.com 1280x3355 0.381520
WPBeginner.com 1280x3355 0.381520
WPBeginner.com 1280x3355 0.381520
WPBeginner.com 1280x3355 0.381520
WPBeginner.com 1280x3355 0.381520
WPBeginner.com 1280x3355 0.381520
WPBeginner.com 1280x3355 0.381520
WPBeginner.com 1280x3355 0.381520
WPBeginner.com 1280x3355 0.381520
WPBeginner.com 1280x3355 0.381520
WPBeginner.com 1280x3355 0.381520
WPBeginner.com 1280x3355 0.381520
WPBeginner.com 1280x3355 0.381520
WPBeginner.com 1280x3355 0.381520
WPBeginner.com 1280x3355 0.381520
WPBeginner.com 1280x3355 0.381520
WPBeginner.com 1280x3355 0.381520
WPBeginner.com 1280x3355 0.381520
WPBeginner.com 1280x3355 0.381520
WPBeginner.com 1280x3355 0.381520
WPBeginner.com 1280x3355 0.381520
WPBeginner.com 1280x3355 0.381520
WPBeginner.com 1280x3355 0.381520
WPBeginner.com 1280x3355 0.381520
WPBeginner.com 1280x3355 0.381520
WPBeginner.com 1280x3355 0.381520
WPBeginner.com 1280x3355 0.381520
WPBeginner.com 1280x3355 0.381520
WPBeginner.com 1280x3355 0.381520
WPBeginner.com 1280x3355 0.381520
WPBeginner.com 1280x3355 0.381520
WPBeginner.com 1280x3355 0.381520
WPBeginner.com 1280x3355 0.381520
WPBeginner.com 1280x3355 0.381520
WPBeginner.com 1280x3355 0.381520
WPBeginner.com 1280x3355 0.381520
WPBeginner.com 1280x3355 0.381520
WPBeginner.com 1280x3355 0.381520
WPBeginner.com 1280x3355 0.381520
WPBeginner.com 1280x3355 0.381520
WPBeginner.com 1280x3355 0.381520
WPBeginner.com 1280x3355 0.381520
WPBeginner.com 1280x3355 0.381520
WPBeginner.com 1280x3355 0.381520
WPBeginner.com 1280x3355 0.381520
WPBeginner.com 1280x3355 0.381520
WPBeginner.com 1280x3355 0.381520
WPBeginner.com 1280x3355 0.381520
WPBeginner.com 1280x3355 0.381520
WPBeginner.com 1280x3355 0.381520
WPBeginner.com 1280x3355 0.381520
WPBeginner.com 1280x3355 0.381520
WPBeginner.com 1280x3355 0.381520
WPBeginner.com 1280x3355 0.381520
WPBeginner.com 1280x3355 0.381520
WPBeginner.com 1280x3355 0.381520
WPBeginner.com 1280x3355 0.381520
WPBeginner.com 1280x3355 0.381520
WPBeginner.com 1280x3355 0.381520
WPBeginner.com 1280x3355 0.381520
WPBeginner.com 1280x3355 0.381520
WPBeginner.com 1280x3355 0.381520
WPBeginner.com 1280x3355 0.381520
WPBeginner.com 1280x3355 0.381520
WPBeginner.com 1280x3355 0.381520
WPBeginner.com 1280x3355 0.381520
WPBeginner.com 1280x3355 0.381520
WPBeginner.com 1280x3355 0.381520
WPBeginner.com 1280x3355 0.381520
WPBeginner.com 1280x3355 0.381520
WPBeginner.com 1280x3355 0.381520
WPBeginner.com 1280x3355 0.381520
WPBeginner.com 1280x3355 0.381520
WPBeginner.com 1280x3355 0.381520
WPBeginner.com 1280x3355 0.381520
WPBeginner.com 1280x3355 0.381520
WPBeginner.com 1280x3355 0.381520
WPBeginner.com 1280x3355 0.381520
WPBeginner.com 1280x3355 0.381520
WPBeginner.com 1280x3355 0.381520
WPBeginner.com 1280x3355 0.381520
WPBeginner.com 1280x3355 0.381520
WPBeginner.com 1280x3355 0.381520
WPBeginner.com 1280x3355 0.381520
WPBeginner.com 1280x3355 0.381520
WPBeginner.com 1280x3355 0.381520
WPBeginner.com 1280x3355 0.381520
WPBeginner.com 1280x3355 0.381520
WPBeginner.com 1280x3355 0.381520
WPBeginner.com 1280x3355 0.381520
WPBeginner.com 1280x3355 0.381520
WPBeginner.com 1280x3355 0.381520
WPBeginner.com 1280x3355 0.381520
WPBeginner.com 1280x3355 0.381520
WPBeginner.com 1280x3355 0.381520
WPBeginner.com 1280x3355 0.381520
WPBeginner.com 1280x3355 0.381520
WPBeginner.com 1280x3355 0.381520
WPBeginner.com 1280x3355 0.381520
WPBeginner.com 1280x3355 0.381520
WPBeginner.com 1280x3355 0.381520
WPBeginner.com 1280x3355 0.381520
WPBeginner.com 1280x3355 0.381520
