EnchantingMarketing.com 413
NerdFitness.com 441
ProBlogger.com 442
SayYes.com 479
WinningWP.com 555
ApetoGentleman.com 578
MenwithPens.ca 587
WPBeginner.com_cleanhtml_nocomments_notags_noscript_meta_svg_path 679
WPBeginner.com_sanitize 679
WPBeginner.com_sanitize_cleanhtml 679
AdamEnfroy.com 717
ryrob.com 726
CamilleStyles.com 773
Unbounce.com 781
NeilPatel.com 796
Buffer.com 799
SocialMediaExaminer.com 847
LoveSweatFitness.com 852
CupofJo.com 900
WPBeginner.com_cleanhtml_nocomments 922
WPBeginner.com 940
WPBeginner.com_sanitize 940
BloggingWizard.com 975
MatthewWoodward.co.uk 1010
FitMenCook.com 1033
ContentMarketingInstitute.com 1090
SocialMediaExplorer.com 1152
CodeinWP.com 1180
FinancialSamurai.com 1334
SmartPassiveIncome.com 1455
SproutSocial.com 1474
YogaJournal.com 1581
SmartBlogger.com 1600
SearchEngineJournal.com 2553
Copyblogger.com 3158
Backlinko.com 4819
HackerNoon.com 5184
TechCrunch.com 5244
polito.it 6531
Labnol.org 7213
JagoInvestor.com 7227
senato.it 7795
HowtoGeek.com 7953
github.com 9376
Ahrefs.com 10106
CoSchedule.com 12210
TheSimpleDollar.com 18290
RunToTheFinish.com 19781
GoinsWriter.com 23655
WPTavern.com 28451
WPKube.com 31569
Gizmodo.com 38287
GetRichSlowly.org 49429
LiveStrong.com 87700
YogaJournal.com 123019
link-assistant.com 171084
MoneySavingMom.com 194658
repubblica.it 229656
YogaJournal.com 260766
WPBeginner.com_sanitize_cleanhtml5 679
WPBeginner.com_sanitize_cleanhtml5 679
WPBeginner.com_sanitize_cleanhtml5 679
WPBeginner.com_sanitize_cleanhtml5 679
WPBeginner.com_sanitize_cleanhtml5 679
WPBeginner.com_sanitize_cleanhtml5 679
WPBeginner.com_sanitize_cleanhtml5 679
WPBeginner.com_sanitize_cleanhtml5 679
WPBeginner.com_sanitize_cleanhtml5 679
WPBeginner.com_sanitize_cleanhtml5 679
WPBeginner.com_sanitize_cleanhtml5 679
WPBeginner.com_sanitize_cleanhtml5 679
WPBeginner.com_sanitize_cleanhtml7 679
WPBeginner.com_sanitize_cleanhtml7 679
WPBeginner.com_sanitize_cleanhtml5 679
WPBeginner.com_sanitize_cleanhtml7 679
WPBeginner.com_sanitize_cleanhtml7 679
WPBeginner.com_sanitize_cleanhtml7 679
WPBeginner.com_sanitize_cleanhtml7 679
WPBeginner.com_sanitize_cleanhtml7 679
WPBeginner.com_sanitize_cleanhtml5 679
WPBeginner.com_sanitize_cleanhtml5 679
WPBeginner.com_sanitize_cleanhtml5 679
WPBeginner.com_sanitize_cleanhtml5 679
WPBeginner.com_sanitize_cleanhtml5 679
WPBeginner.com_sanitize_cleanhtml5 679
WPBeginner.com_sanitize_cleanhtml5 679
WPBeginner.com_sanitize_cleanhtml5 679
WPBeginner.com_sanitize_cleanhtml5 679
WPBeginner.com_sanitize_cleanhtml5 679
WPBeginner.com_sanitize_cleanhtml5 679
WPBeginner.com_sanitize_cleanhtml5 679
WPBeginner.com_sanitize_cleanhtml5 679
WPBeginner.com_sanitize_cleanhtml5 679
WPBeginner.com_sanitize_cleanhtml5 679
WPBeginner.com_sanitize_cleanhtml5 679
WPBeginner.com_sanitize_cleanhtml5 679
WPBeginner.com_sanitize_cleanhtml5 679
WPBeginner.com_sanitize_cleanhtml5 679
WPBeginner.com_sanitize_cleanhtml5 679
WPBeginner.com_sanitize_cleanhtml5 679
WPBeginner.com_sanitize_cleanhtml5 679
WPBeginner.com_sanitize_cleanhtml5 679
WPBeginner.com_sanitize_cleanhtml5 679
WPBeginner.com_sanitize_cleanhtml5 679
WPBeginner.com_sanitize_cleanhtml5 679
WPBeginner.com_sanitize_cleanhtml5 679
WPBeginner.com_sanitize_cleanhtml5 679
WPBeginner.com_sanitize_cleanhtml5 679
WPBeginner.com_sanitize_cleanhtml5 679
WPBeginner.com_sanitize_cleanhtml5 679
WPBeginner.com_sanitize_cleanhtml5 679
WPBeginner.com_sanitize_cleanhtml5 679
WPBeginner.com_sanitize_cleanhtml5 679
WPBeginner.com_sanitize_cleanhtml5 679
WPBeginner.com_sanitize_cleanhtml5 679
WPBeginner.com_sanitize_cleanhtml5 679
WPBeginner.com_sanitize_cleanhtml5 679
WPBeginner.com_sanitize_cleanhtml5 679
WPBeginner.com_sanitize_cleanhtml5 679
WPBeginner.com_sanitize_cleanhtml5 679
WPBeginner.com_sanitize_cleanhtml5 679
WPBeginner.com_sanitize_cleanhtml5 679
WPBeginner.com_sanitize_cleanhtml5 679
WPBeginner.com_sanitize_cleanhtml5 679
WPBeginner.com_sanitize_cleanhtml5 679
WPBeginner.com_sanitize_cleanhtml5 679
WPBeginner.com_sanitize_cleanhtml5 679
WPBeginner.com_sanitize_cleanhtml5 679
WPBeginner.com_sanitize_cleanhtml5 679
WPBeginner.com_sanitize_cleanhtml5 679
WPBeginner.com_sanitize_cleanhtml5 679
WPBeginner.com_sanitize_cleanhtml5 679
WPBeginner.com_sanitize_cleanhtml5 679
WPBeginner.com_sanitize_cleanhtml5 679
WPBeginner.com_sanitize_cleanhtml5 679
WPBeginner.com_sanitize_cleanhtml5 679
WPBeginner.com_sanitize_cleanhtml5 679
WPBeginner.com_sanitize_cleanhtml5 679
WPBeginner.com_sanitize_cleanhtml5 679
WPBeginner.com_sanitize_cleanhtml5 679
WPBeginner.com_sanitize_cleanhtml5 679
WPBeginner.com_sanitize_cleanhtml5 679
WPBeginner.com_sanitize_cleanhtml5 679
WPBeginner.com_sanitize_cleanhtml5 679
WPBeginner.com_sanitize_cleanhtml5 679
WPBeginner.com_sanitize_cleanhtml5 679
WPBeginner.com_sanitize_cleanhtml5 679
WPBeginner.com_sanitize_cleanhtml5 679
WPBeginner.com_sanitize_cleanhtml5 679
WPBeginner.com_sanitize_cleanhtml5 679
WPBeginner.com_sanitize_cleanhtml5 679
WPBeginner.com_sanitize_cleanhtml5 679
WPBeginner.com_sanitize_cleanhtml5 679
WPBeginner.com_sanitize_cleanhtml5 679
WPBeginner.com_sanitize_cleanhtml5 679
WPBeginner.com_sanitize_cleanhtml5 679
WPBeginner.com_sanitize_cleanhtml5 679
WPBeginner.com_sanitize_cleanhtml5 679
WPBeginner.com_sanitize_cleanhtml5 679
WPBeginner.com_sanitize_cleanhtml5 679
WPBeginner.com_sanitize_cleanhtml5 679
WPBeginner.com_sanitize_cleanhtml5 679
WPBeginner.com_sanitize_cleanhtml5 679
WPBeginner.com_sanitize_cleanhtml5 679
WPBeginner.com_sanitize_cleanhtml5 679
WPBeginner.com_sanitize_cleanhtml5 679
WPBeginner.com_sanitize_cleanhtml5 679
WPBeginner.com_sanitize_cleanhtml5 679
WPBeginner.com_sanitize_cleanhtml5 679
WPBeginner.com_sanitize_cleanhtml5 679
WPBeginner.com_sanitize_cleanhtml5 679
WPBeginner.com_sanitize_cleanhtml5 679
WPBeginner.com_sanitize_cleanhtml5 679
WPBeginner.com_sanitize_cleanhtml5 679
WPBeginner.com_sanitize_cleanhtml5 679
WPBeginner.com_sanitize_cleanhtml5 679
WPBeginner.com_sanitize_cleanhtml5 679
WPBeginner.com_sanitize_cleanhtml5 679
WPBeginner.com_sanitize_cleanhtml5 679
WPBeginner.com_sanitize_cleanhtml5 679
WPBeginner.com_sanitize_cleanhtml5 679
WPBeginner.com_sanitize_cleanhtml5 679
WPBeginner.com_sanitize_cleanhtml5 679
WPBeginner.com_sanitize_cleanhtml5 679
WPBeginner.com_sanitize_cleanhtml5 679
WPBeginner.com_sanitize_cleanhtml5 679
WPBeginner.com_sanitize_cleanhtml5 679
WPBeginner.com_sanitize_cleanhtml5 679
WPBeginner.com_sanitize_cleanhtml5 679
WPBeginner.com_sanitize_cleanhtml5 679
WPBeginner.com_sanitize_cleanhtml5 679
WPBeginner.com_sanitize_cleanhtml5 679
WPBeginner.com_sanitize_cleanhtml5 679
WPBeginner.com_sanitize_cleanhtml5 679
WPBeginner.com_sanitize_cleanhtml5 679
WPBeginner.com_sanitize_cleanhtml5 679
WPBeginner.com_sanitize_cleanhtml5 679
WPBeginner.com_sanitize_cleanhtml5 679
WPBeginner.com_sanitize_cleanhtml5 679
WPBeginner.com_sanitize_cleanhtml5 679
WPBeginner.com_sanitize_cleanhtml5 679
WPBeginner.com_sanitize_cleanhtml5 679
WPBeginner.com_sanitize_cleanhtml5 679
WPBeginner.com_sanitize_cleanhtml5 679
WPBeginner.com_sanitize_cleanhtml5 679
WPBeginner.com_sanitize_cleanhtml5 679
WPBeginner.com_sanitize_cleanhtml5 679
WPBeginner.com_sanitize_cleanhtml5 679
WPBeginner.com_sanitize_cleanhtml5 679
WPBeginner.com_sanitize_cleanhtml5 679
WPBeginner.com_sanitize_cleanhtml5 679
WPBeginner.com_sanitize_cleanhtml5 679
WPBeginner.com_sanitize_cleanhtml5 679
WPBeginner.com_sanitize_cleanhtml5 679
WPBeginner.com_sanitize_cleanhtml5 679
WPBeginner.com_sanitize_cleanhtml5 679
WPBeginner.com_sanitize_cleanhtml5 679
WPBeginner.com_sanitize_cleanhtml5 679
WPBeginner.com_sanitize_cleanhtml5 679
WPBeginner.com_sanitize_cleanhtml5 679
WPBeginner.com_sanitize_cleanhtml5 679
WPBeginner.com_sanitize_cleanhtml5 679
WPBeginner.com_sanitize_cleanhtml5 679
WPBeginner.com_sanitize_cleanhtml5 679
WPBeginner.com_sanitize_cleanhtml5 679
WPBeginner.com_sanitize_cleanhtml5 679
WPBeginner.com_sanitize_cleanhtml5 679
WPBeginner.com_sanitize_cleanhtml5 679
WPBeginner.com_sanitize_cleanhtml5 679
WPBeginner.com_sanitize_cleanhtml5 679
WPBeginner.com_sanitize_cleanhtml5 679
WPBeginner.com_sanitize_cleanhtml5 679
WPBeginner.com_sanitize_cleanhtml5 679
WPBeginner.com_sanitize_cleanhtml5 679
WPBeginner.com_sanitize_cleanhtml5 679
WPBeginner.com_sanitize_cleanhtml5 679
WPBeginner.com_sanitize_cleanhtml5 679
WPBeginner.com_sanitize_cleanhtml5 679
WPBeginner.com_sanitize_cleanhtml5 679
WPBeginner.com_sanitize_cleanhtml5 679
WPBeginner.com_sanitize_cleanhtml5 679
WPBeginner.com_sanitize_cleanhtml5 679
WPBeginner.com_sanitize_cleanhtml5 679
WPBeginner.com_sanitize_cleanhtml5 679
WPBeginner.com_sanitize_cleanhtml5 679
WPBeginner.com_sanitize_cleanhtml5 679
WPBeginner.com_sanitize_cleanhtml5 679
WPBeginner.com_sanitize_cleanhtml5 679
WPBeginner.com_sanitize_cleanhtml5 679
WPBeginner.com_sanitize_cleanhtml5 679
WPBeginner.com_sanitize_cleanhtml5 679
WPBeginner.com_sanitize_cleanhtml5 679
WPBeginner.com_sanitize_cleanhtml5 679
WPBeginner.com_sanitize_cleanhtml5 679
WPBeginner.com_sanitize_cleanhtml5 679
WPBeginner.com_sanitize_cleanhtml5 679
WPBeginner.com_sanitize_cleanhtml5 679
WPBeginner.com_sanitize_cleanhtml5 679
WPBeginner.com_sanitize_cleanhtml5 679
WPBeginner.com_sanitize_cleanhtml5 679
WPBeginner.com_sanitize_cleanhtml5 679
WPBeginner.com_sanitize_cleanhtml5 679
WPBeginner.com_sanitize_cleanhtml5 679
WPBeginner.com_sanitize_cleanhtml5 679
WPBeginner.com_sanitize_cleanhtml5 679
WPBeginner.com_sanitize_cleanhtml5 679
WPBeginner.com_sanitize_cleanhtml5 679
WPBeginner.com_sanitize_cleanhtml5 679
WPBeginner.com_sanitize_cleanhtml5 679
WPBeginner.com_sanitize_cleanhtml5 679
WPBeginner.com_sanitize_cleanhtml5 679
WPBeginner.com_sanitize_cleanhtml5 679
WPBeginner.com_sanitize_cleanhtml5 679
WPBeginner.com_sanitize_cleanhtml5 679
WPBeginner.com_sanitize_cleanhtml5 679
WPBeginner.com_sanitize_cleanhtml5 679
WPBeginner.com_sanitize_cleanhtml5 679
WPBeginner.com_sanitize_cleanhtml5 679
WPBeginner.com_sanitize_cleanhtml5 679
WPBeginner.com_sanitize_cleanhtml5 679
WPBeginner.com_sanitize_cleanhtml5 679
WPBeginner.com_sanitize_cleanhtml5 679
WPBeginner.com_sanitize_cleanhtml5 679
WPBeginner.com_sanitize_cleanhtml5 679
WPBeginner.com_sanitize_cleanhtml5 679
WPBeginner.com_sanitize_cleanhtml5 679
WPBeginner.com_sanitize_cleanhtml5 679
WPBeginner.com_sanitize_cleanhtml5 679
WPBeginner.com_sanitize_cleanhtml5 679
WPBeginner.com_sanitize_cleanhtml5 679
WPBeginner.com_sanitize_cleanhtml5 679
WPBeginner.com_sanitize_cleanhtml5 679
WPBeginner.com_sanitize_cleanhtml5 679
WPBeginner.com_sanitize_cleanhtml5 679
WPBeginner.com_sanitize_cleanhtml5 679
WPBeginner.com_sanitize_cleanhtml5 679
WPBeginner.com_sanitize_cleanhtml5 679
WPBeginner.com_sanitize_cleanhtml5 679
WPBeginner.com_sanitize_cleanhtml5 679
WPBeginner.com_sanitize_cleanhtml5 679
WPBeginner.com_sanitize_cleanhtml5 679
WPBeginner.com_sanitize_cleanhtml5 679
WPBeginner.com_sanitize_cleanhtml5 679
WPBeginner.com_sanitize_cleanhtml5 679
WPBeginner.com_sanitize_cleanhtml5 679
WPBeginner.com_sanitize_cleanhtml5 679
WPBeginner.com_sanitize_cleanhtml5 679
WPBeginner.com_sanitize_cleanhtml5 679
WPBeginner.com_sanitize_cleanhtml5 679
WPBeginner.com_sanitize_cleanhtml5 679
WPBeginner.com_sanitize_cleanhtml5 679
WPBeginner.com_sanitize_cleanhtml5 679
WPBeginner.com_sanitize_cleanhtml5 679
WPBeginner.com_sanitize_cleanhtml5 679
WPBeginner.com_sanitize_cleanhtml5 679
WPBeginner.com_sanitize_cleanhtml5 679
WPBeginner.com_sanitize_cleanhtml5 679
WPBeginner.com_sanitize_cleanhtml5 679
WPBeginner.com_sanitize_cleanhtml5 679
WPBeginner.com_sanitize_cleanhtml5 679
WPBeginner.com_sanitize_cleanhtml5 679
WPBeginner.com_sanitize_cleanhtml5 679
WPBeginner.com_sanitize_cleanhtml5 679
WPBeginner.com_sanitize_cleanhtml5 679
WPBeginner.com_sanitize_cleanhtml5 679
WPBeginner.com_sanitize_cleanhtml5 679
WPBeginner.com_sanitize_cleanhtml5 679
WPBeginner.com_sanitize_cleanhtml5 679
WPBeginner.com_sanitize_cleanhtml5 679
WPBeginner.com_sanitize_cleanhtml5 679
WPBeginner.com_sanitize_cleanhtml5 679
WPBeginner.com_sanitize_cleanhtml5 679
WPBeginner.com_sanitize_cleanhtml5 679
WPBeginner.com_sanitize_cleanhtml5 679
WPBeginner.com_sanitize_cleanhtml5 679
WPBeginner.com_sanitize_cleanhtml5 679
WPBeginner.com_sanitize_cleanhtml5 679
WPBeginner.com_sanitize_cleanhtml5 679
WPBeginner.com_sanitize_cleanhtml5 679
WPBeginner.com_sanitize_cleanhtml5 679
WPBeginner.com_sanitize_cleanhtml5 679
WPBeginner.com_sanitize_cleanhtml5 679
WPBeginner.com_sanitize_cleanhtml5 679
WPBeginner.com_sanitize_cleanhtml5 679
WPBeginner.com_sanitize_cleanhtml5 679
WPBeginner.com_sanitize_cleanhtml5 679
WPBeginner.com_sanitize_cleanhtml5 679
WPBeginner.com_sanitize_cleanhtml5 679
WPBeginner.com_sanitize_cleanhtml5 679
WPBeginner.com_sanitize_cleanhtml5 679
WPBeginner.com_sanitize_cleanhtml5 679
WPBeginner.com_sanitize_cleanhtml5 679
WPBeginner.com_sanitize_cleanhtml5 679
WPBeginner.com_sanitize_cleanhtml5 679
WPBeginner.com_sanitize_cleanhtml5 679
WPBeginner.com_sanitize_cleanhtml5 679
WPBeginner.com_sanitize_cleanhtml5 679
WPBeginner.com_sanitize_cleanhtml5 679
WPBeginner.com_sanitize_cleanhtml5 679
WPBeginner.com_sanitize_cleanhtml5 679
WPBeginner.com_sanitize_cleanhtml5 679
WPBeginner.com_sanitize_cleanhtml5 679
WPBeginner.com_sanitize_cleanhtml5 679
WPBeginner.com_sanitize_cleanhtml5 679
WPBeginner.com_sanitize_cleanhtml5 679
WPBeginner.com_sanitize_cleanhtml5 679
WPBeginner.com_sanitize_cleanhtml5 679
WPBeginner.com_sanitize_cleanhtml5 679
WPBeginner.com_sanitize_cleanhtml5 679
WPBeginner.com_sanitize_cleanhtml5 679
WPBeginner.com_sanitize_cleanhtml5 679
WPBeginner.com_sanitize_cleanhtml5 679
WPBeginner.com_sanitize_cleanhtml5 679
